# JRE version: OpenJDK Runtime Environment (11.0.15) (build 11.0.15+0-b2043.56-9505619)
# Java VM: OpenJDK 64-Bit Server VM (11.0.15+0-b2043.56-9505619, mixed mode, tiered, compressed oops, g1 gc, windows-amd64)
Heap:
 garbage-first heap   total 608256K, used 322095K [0x0000000080000000, 0x0000000100000000)
  region size 1024K, 1 young (1024K), 1 survivors (1024K)
 Metaspace       used 146411K, capacity 151189K, committed 153544K, reserved 1181696K
  class space    used 18244K, capacity 20040K, committed 21068K, reserved 1048576K
GC Heap History (20 events):
Event: 846.255 GC heap after
{Heap after GC invocations=122 (full 0):
 garbage-first heap   total 351232K, used 220232K [0x0000000080000000, 0x0000000100000000)
  region size 1024K, 3 young (3072K), 3 survivors (3072K)
 Metaspace       used 145449K, capacity 150153K, committed 152648K, reserved 1181696K
  class space    used 18159K, capacity 19899K, committed 20940K, reserved 1048576K
}
Event: 847.124 GC heap before
{Heap before GC invocations=123 (full 0):
 garbage-first heap   total 351232K, used 314440K [0x0000000080000000, 0x0000000100000000)
  region size 1024K, 57 young (58368K), 3 survivors (3072K)
 Metaspace       used 145489K, capacity 150231K, committed 152648K, reserved 1181696K
  class space    used 18160K, capacity 19901K, committed 20940K, reserved 1048576K
}
Event: 847.141 GC heap after
{Heap after GC invocations=124 (full 0):
 garbage-first heap   total 351232K, used 262050K [0x0000000080000000, 0x0000000100000000)
  region size 1024K, 8 young (8192K), 8 survivors (8192K)
 Metaspace       used 145489K, capacity 150231K, committed 152648K, reserved 1181696K
  class space    used 18160K, capacity 19901K, committed 20940K, reserved 1048576K
}
Event: 847.224 GC heap before
{Heap before GC invocations=124 (full 0):
 garbage-first heap   total 351232K, used 271266K [0x0000000080000000, 0x0000000100000000)
  region size 1024K, 17 young (17408K), 8 survivors (8192K)
 Metaspace       used 145489K, capacity 150231K, committed 152648K, reserved 1181696K
  class space    used 18160K, capacity 19901K, committed 20940K, reserved 1048576K
}
Event: 847.236 GC heap after
{Heap after GC invocations=125 (full 0):
 garbage-first heap   total 351232K, used 261522K [0x0000000080000000, 0x0000000100000000)
  region size 1024K, 3 young (3072K), 3 survivors (3072K)
 Metaspace       used 145489K, capacity 150231K, committed 152648K, reserved 1181696K
  class space    used 18160K, capacity 19901K, committed 20940K, reserved 1048576K
}
Event: 847.309 GC heap before
{Heap before GC invocations=125 (full 0):
 garbage-first heap   total 351232K, used 271762K [0x0000000080000000, 0x0000000100000000)
  region size 1024K, 14 young (14336K), 3 survivors (3072K)
 Metaspace       used 145489K, capacity 150231K, committed 152648K, reserved 1181696K
  class space    used 18160K, capacity 19901K, committed 20940K, reserved 1048576K
}
Event: 847.334 GC heap after
{Heap after GC invocations=126 (full 0):
 garbage-first heap   total 351232K, used 266316K [0x0000000080000000, 0x0000000100000000)
  region size 1024K, 4 young (4096K), 4 survivors (4096K)
 Metaspace       used 145489K, capacity 150231K, committed 152648K, reserved 1181696K
  class space    used 18160K, capacity 19901K, committed 20940K, reserved 1048576K
}
Event: 847.712 GC heap before
{Heap before GC invocations=126 (full 0):
 garbage-first heap   total 351232K, used 289868K [0x0000000080000000, 0x0000000100000000)
  region size 1024K, 26 young (26624K), 4 survivors (4096K)
 Metaspace       used 145807K, capacity 150549K, committed 152904K, reserved 1181696K
  class space    used 18180K, capacity 19942K, committed 20940K, reserved 1048576K
}
Event: 847.734 GC heap after
{Heap after GC invocations=127 (full 0):
 garbage-first heap   total 351232K, used 276927K [0x0000000080000000, 0x0000000100000000)
  region size 1024K, 4 young (4096K), 4 survivors (4096K)
 Metaspace       used 145807K, capacity 150549K, committed 152904K, reserved 1181696K
  class space    used 18180K, capacity 19942K, committed 20940K, reserved 1048576K
}
Event: 847.888 GC heap before
{Heap before GC invocations=128 (full 0):
 garbage-first heap   total 351232K, used 295359K [0x0000000080000000, 0x0000000100000000)
  region size 1024K, 22 young (22528K), 4 survivors (4096K)
 Metaspace       used 145847K, capacity 150618K, committed 152904K, reserved 1181696K
  class space    used 18180K, capacity 19943K, committed 20940K, reserved 1048576K
}
Event: 847.912 GC heap after
{Heap after GC invocations=129 (full 0):
 garbage-first heap   total 429056K, used 286720K [0x0000000080000000, 0x0000000100000000)
  region size 1024K, 3 young (3072K), 3 survivors (3072K)
 Metaspace       used 145847K, capacity 150618K, committed 152904K, reserved 1181696K
  class space    used 18180K, capacity 19943K, committed 20940K, reserved 1048576K
}
Event: 848.038 GC heap before
{Heap before GC invocations=129 (full 0):
 garbage-first heap   total 429056K, used 304128K [0x0000000080000000, 0x0000000100000000)
  region size 1024K, 20 young (20480K), 3 survivors (3072K)
 Metaspace       used 145891K, capacity 150643K, committed 152904K, reserved 1181696K
  class space    used 18185K, capacity 19951K, committed 20940K, reserved 1048576K
}
Event: 848.050 GC heap after
{Heap after GC invocations=130 (full 0):
 garbage-first heap   total 429056K, used 295601K [0x0000000080000000, 0x0000000100000000)
  region size 1024K, 3 young (3072K), 3 survivors (3072K)
 Metaspace       used 145891K, capacity 150643K, committed 152904K, reserved 1181696K
  class space    used 18185K, capacity 19951K, committed 20940K, reserved 1048576K
}
Event: 848.236 GC heap before
{Heap before GC invocations=130 (full 0):
 garbage-first heap   total 429056K, used 331441K [0x0000000080000000, 0x0000000100000000)
  region size 1024K, 39 young (39936K), 3 survivors (3072K)
 Metaspace       used 146025K, capacity 150724K, committed 153160K, reserved 1181696K
  class space    used 18205K, capacity 19955K, committed 20940K, reserved 1048576K
}
Event: 848.257 GC heap after
{Heap after GC invocations=131 (full 0):
 garbage-first heap   total 429056K, used 312525K [0x0000000080000000, 0x0000000100000000)
  region size 1024K, 5 young (5120K), 5 survivors (5120K)
 Metaspace       used 146025K, capacity 150724K, committed 153160K, reserved 1181696K
  class space    used 18205K, capacity 19955K, committed 20940K, reserved 1048576K
}
Event: 848.984 GC heap before
{Heap before GC invocations=132 (full 0):
 garbage-first heap   total 429056K, used 342221K [0x0000000080000000, 0x0000000100000000)
  region size 1024K, 35 young (35840K), 5 survivors (5120K)
 Metaspace       used 146291K, capacity 151081K, committed 153544K, reserved 1181696K
  class space    used 18234K, capacity 20028K, committed 21068K, reserved 1048576K
}
Event: 849.004 GC heap after
{Heap after GC invocations=133 (full 0):
 garbage-first heap   total 429056K, used 322162K [0x0000000080000000, 0x0000000100000000)
  region size 1024K, 5 young (5120K), 5 survivors (5120K)
 Metaspace       used 146291K, capacity 151081K, committed 153544K, reserved 1181696K
  class space    used 18234K, capacity 20028K, committed 21068K, reserved 1048576K
}
Event: 849.270 GC heap before
{Heap before GC invocations=133 (full 0):
 garbage-first heap   total 429056K, used 336498K [0x0000000080000000, 0x0000000100000000)
  region size 1024K, 20 young (20480K), 5 survivors (5120K)
 Metaspace       used 146328K, capacity 151085K, committed 153544K, reserved 1181696K
  class space    used 18234K, capacity 20028K, committed 21068K, reserved 1048576K
}
Event: 849.312 GC heap after
{Heap after GC invocations=134 (full 0):
 garbage-first heap   total 429056K, used 322381K [0x0000000080000000, 0x0000000100000000)
  region size 1024K, 1 young (1024K), 1 survivors (1024K)
 Metaspace       used 146328K, capacity 151085K, committed 153544K, reserved 1181696K
  class space    used 18234K, capacity 20028K, committed 21068K, reserved 1048576K
}
Event: 849.455 GC heap before
{Heap before GC invocations=134 (full 0):
 garbage-first heap   total 429056K, used 333645K [0x0000000080000000, 0x0000000100000000)
  region size 1024K, 14 young (14336K), 1 survivors (1024K)
 Metaspace       used 146411K, capacity 151189K, committed 153544K, reserved 1181696K
  class space    used 18244K, capacity 20040K, committed 21068K, reserved 1048576K
}

